   110.7ms (setup:727): 2025-03-11 20:43:06
   110.8ms (setup:728): /usr/bin/pipx inject jupyter-core notebook jupyterlab
   110.8ms (setup:729): pipx version is 1.0.0
   110.9ms (setup:730): Default python interpreter is '/usr/bin/python3'
   111.0ms (run_pipx_command:169): Virtual Environment location is /home/ubuntu/.local/pipx/venvs/jupyter-core
   111.4ms (needs_upgrade:69): Time since last upgrade of shared libs, in seconds: 1. Upgrade will be run by pipx if greater than 2592000.
   111.7ms (package_name_from_spec:323): Determined package name: notebook
   111.7ms (package_name_from_spec:324): Package name determined in 0.0s
   112.7ms (_parsed_package_to_package_or_url:128): cleaned package spec: notebook
   112.9ms (run_subprocess:172): running /home/ubuntu/.local/pipx/venvs/jupyter-core/bin/python -m pip install notebook
 13747.2ms (run_subprocess:188): returncode: 0
 13748.1ms (run_subprocess:172): running <fetch_info_in_venv commands>
 13776.4ms (run_subprocess:185): stdout: {"sys_path": ["/usr/lib/python310.zip", "/usr/lib/python3.10", "/usr/lib/python3.10/lib-dynload", "/home/ubuntu/.local/pipx/venvs/jupyter-core/lib/python3.10/site-packages", "/home/ubuntu/.local/pipx/shared/lib/python3.10/site-packages"], "python_version": "3.10.12", "environment": {"implementation_name": "cpython", "implementation_version": "3.10.12", "os_name": "posix", "platform_machine": "x86_64", "platform_release": "6.8.0-52-generic", "platform_system": "Linux", "platform_version": "#53~22.04.1-Ubuntu SMP PREEMPT_DYNAMIC Wed Jan 15 19:18:46 UTC 2", "python_full_version": "3.10.12", "platform_python_implementation": "CPython", "python_version": "3.10", "sys_platform": "linux"}}
 13776.4ms (run_subprocess:188): returncode: 0
 15741.8ms (get_venv_metadata_for_package:303): get_venv_metadata_for_package: 1994ms
 15742.1ms (_parsed_package_to_package_or_url:128): cleaned package spec: notebook
 15743.8ms (package_name_from_spec:323): Determined package name: jupyterlab
 15743.8ms (package_name_from_spec:324): Package name determined in 0.0s
 15744.2ms (_parsed_package_to_package_or_url:128): cleaned package spec: jupyterlab
 15744.3ms (run_subprocess:172): running /home/ubuntu/.local/pipx/venvs/jupyter-core/bin/python -m pip install jupyterlab
 16592.5ms (run_subprocess:188): returncode: 0
 16593.5ms (run_subprocess:172): running <fetch_info_in_venv commands>
 16620.9ms (run_subprocess:185): stdout: {"sys_path": ["/usr/lib/python310.zip", "/usr/lib/python3.10", "/usr/lib/python3.10/lib-dynload", "/home/ubuntu/.local/pipx/venvs/jupyter-core/lib/python3.10/site-packages", "/home/ubuntu/.local/pipx/shared/lib/python3.10/site-packages"], "python_version": "3.10.12", "environment": {"implementation_name": "cpython", "implementation_version": "3.10.12", "os_name": "posix", "platform_machine": "x86_64", "platform_release": "6.8.0-52-generic", "platform_system": "Linux", "platform_version": "#53~22.04.1-Ubuntu SMP PREEMPT_DYNAMIC Wed Jan 15 19:18:46 UTC 2", "python_full_version": "3.10.12", "platform_python_implementation": "CPython", "python_version": "3.10", "sys_platform": "linux"}}
 16621.0ms (run_subprocess:188): returncode: 0
 18427.7ms (get_venv_metadata_for_package:303): get_venv_metadata_for_package: 1835ms
 18428.0ms (_parsed_package_to_package_or_url:128): cleaned package spec: jupyterlab
 18429.0ms (cli:790): pipx finished.
